{"/Users/n/code/learning-istanbul/mischief.js":{"path":"/Users/n/code/learning-istanbul/mischief.js","s":{"1":1,"2":2,"3":2,"4":1,"5":2,"6":2,"7":1,"8":6,"9":6,"10":5,"11":10,"12":1,"13":6,"14":1,"15":1,"16":1,"17":1,"18":0,"19":1,"20":1,"21":1,"22":1,"23":1,"24":1,"25":1,"26":1,"27":1,"28":1,"29":1,"30":1,"31":1,"32":1,"33":1,"34":1},"b":{"1":[5,1],"2":[0,1]},"f":{"1":2,"2":2,"3":6,"4":10,"5":1},"fnMap":{"1":{"name":"creditAccount","line":2,"loc":{"start":{"line":2,"column":0},"end":{"line":2,"column":53}}},"2":{"name":"debitAccount","line":10,"loc":{"start":{"line":10,"column":0},"end":{"line":10,"column":52}}},"3":{"name":"getAccountBalance","line":18,"loc":{"start":{"line":18,"column":0},"end":{"line":18,"column":36}}},"4":{"name":"(anonymous_4)","line":22,"loc":{"start":{"line":22,"column":19},"end":{"line":22,"column":35}}},"5":{"name":"transferMoney","line":31,"loc":{"start":{"line":31,"column":0},"end":{"line":31,"column":68}}}},"statementMap":{"1":{"start":{"line":2,"column":0},"end":{"line":8,"column":1}},"2":{"start":{"line":3,"column":1},"end":{"line":7,"column":1}},"3":{"start":{"line":7,"column":1},"end":{"line":7,"column":34}},"4":{"start":{"line":10,"column":0},"end":{"line":16,"column":1}},"5":{"start":{"line":11,"column":1},"end":{"line":15,"column":1}},"6":{"start":{"line":15,"column":1},"end":{"line":15,"column":34}},"7":{"start":{"line":18,"column":0},"end":{"line":29,"column":1}},"8":{"start":{"line":19,"column":1},"end":{"line":19,"column":17}},"9":{"start":{"line":21,"column":1},"end":{"line":27,"column":2}},"10":{"start":{"line":22,"column":2},"end":{"line":24,"column":5}},"11":{"start":{"line":23,"column":6},"end":{"line":23,"column":38}},"12":{"start":{"line":26,"column":2},"end":{"line":26,"column":14}},"13":{"start":{"line":28,"column":1},"end":{"line":28,"column":16}},"14":{"start":{"line":31,"column":0},"end":{"line":38,"column":1}},"15":{"start":{"line":32,"column":1},"end":{"line":32,"column":48}},"16":{"start":{"line":33,"column":1},"end":{"line":33,"column":47}},"17":{"start":{"line":35,"column":1},"end":{"line":37,"column":47}},"18":{"start":{"line":36,"column":2},"end":{"line":36,"column":31}},"19":{"start":{"line":37,"column":10},"end":{"line":37,"column":46}},"20":{"start":{"line":40,"column":0},"end":{"line":41,"column":0}},"21":{"start":{"line":41,"column":0},"end":{"line":42,"column":0}},"22":{"start":{"line":42,"column":0},"end":{"line":43,"column":0}},"23":{"start":{"line":43,"column":0},"end":{"line":43,"column":45}},"24":{"start":{"line":46,"column":0},"end":{"line":48,"column":0}},"25":{"start":{"line":48,"column":0},"end":{"line":48,"column":46}},"26":{"start":{"line":49,"column":0},"end":{"line":49,"column":68}},"27":{"start":{"line":52,"column":0},"end":{"line":53,"column":0}},"28":{"start":{"line":53,"column":0},"end":{"line":53,"column":46}},"29":{"start":{"line":54,"column":0},"end":{"line":54,"column":68}},"30":{"start":{"line":57,"column":0},"end":{"line":58,"column":0}},"31":{"start":{"line":58,"column":0},"end":{"line":58,"column":46}},"32":{"start":{"line":59,"column":0},"end":{"line":59,"column":70}},"33":{"start":{"line":61,"column":0},"end":{"line":61,"column":46}},"34":{"start":{"line":62,"column":0},"end":{"line":62,"column":69}}},"branchMap":{"1":{"line":21,"type":"if","locations":[{"start":{"line":21,"column":1},"end":{"line":21,"column":1}},{"start":{"line":21,"column":1},"end":{"line":21,"column":1}}]},"2":{"line":35,"type":"if","locations":[{"start":{"line":35,"column":1},"end":{"line":35,"column":1}},{"start":{"line":35,"column":1},"end":{"line":35,"column":1}}]}}}}