{"/Users/n/code/learning-istanbul/test.js":{"path":"/Users/n/code/learning-istanbul/test.js","s":{"1":1,"2":1,"3":0},"b":{"1":[0,1]},"f":{},"fnMap":{},"statementMap":{"1":{"start":{"line":1,"column":0},"end":{"line":1,"column":6}},"2":{"start":{"line":2,"column":0},"end":{"line":3,"column":11}},"3":{"start":{"line":3,"column":5},"end":{"line":3,"column":11}}},"branchMap":{"1":{"line":2,"type":"if","locations":[{"start":{"line":2,"column":0},"end":{"line":2,"column":0}},{"start":{"line":2,"column":0},"end":{"line":2,"column":0}}]}}}}