TN:
SF:/Users/Admin/code/learn-istanbul/mischief.js
FN:1,creditAccount
FN:9,debitAccount
FN:17,getAccountBalance
FN:21,(anonymous_4)
FN:30,transferMoney
FNF:5
FNH:5
FNDA:4,creditAccount
FNDA:3,debitAccount
FNDA:4,getAccountBalance
FNDA:8,(anonymous_4)
FNDA:2,transferMoney
DA:1,1
DA:2,4
DA:6,4
DA:9,1
DA:10,3
DA:14,3
DA:17,1
DA:18,4
DA:20,4
DA:21,3
DA:22,8
DA:25,1
DA:27,4
DA:30,1
DA:31,2
DA:32,2
DA:33,2
DA:34,1
DA:36,2
DA:39,1
DA:40,1
DA:41,1
DA:43,1
DA:44,1
DA:45,1
DA:46,1
DA:48,1
LF:27
LH:27
BRDA:20,1,0,3
BRDA:20,1,1,1
BRDA:33,2,0,1
BRDA:33,2,1,1
BRDA:34,3,0,1
BRDA:34,3,1,1
BRF:6
BRH:6
end_of_record
